#
# A fatal error has been detected by the Java Runtime Environment:
#
#  SIGSEGV (0xb) at pc=0x00007f9883c2c379, pid=4385, tid=140292830209792
#
# JRE version: Java(TM) SE Runtime Environment (7.0_65-b17) (build 1.7.0_65-b17)
# Java VM: Java HotSpot(TM) 64-Bit Server VM (24.65-b04 mixed mode linux-amd64 compressed oops)
# Problematic frame:
# V  [libjvm.so+0x603379]  java_lang_String::utf8_length(oopDesc*)+0xd9
#
# Failed to write core dump. Core dumps have been disabled. To enable core dumping, try "ulimit -c unlimited" before starting Java again
#
# If you would like to submit a bug report, please visit:
#   http://bugreport.sun.com/bugreport/crash.jsp
#

---------------  T H R E A D  ---------------

Current thread (0x00007f987c0a0800):  JavaThread "JDWP Transport Listener: dt_socket" daemon [_thread_in_vm, id=4401, stack(0x00007f98783f2000,0x00007f98784f3000)]

siginfo:si_signo=SIGSEGV: si_errno=0, si_code=1 (SEGV_MAPERR), si_addr=0x000000000000000c

Registers:
RAX=0x000000000000000c, RBX=0x00007f987c07e368, RCX=0x0000000000000000, RDX=0x0000000000000000
RSP=0x00007f98784f1a10, RBP=0x00007f98784f1a20, RSI=0x000000000000000c, RDI=0x00000000f2e32df0
R8 =0x0000000000000000, R9 =0x0000000000000001, R10=0x0000000000000000, R11=0x00007f9883c76550
R12=0x0000000000000000, R13=0x00007f987c0a0800, R14=0x00007f98784f1b10, R15=0x0000000000000000
RIP=0x00007f9883c2c379, EFLAGS=0x0000000000010246, CSGSFS=0x0000000000000033, ERR=0x0000000000000004
  TRAPNO=0x000000000000000e

Top of Stack: (sp=0x00007f98784f1a10)
0x00007f98784f1a10:   00007f987c07e368 00000000f2e32df0
0x00007f98784f1a20:   00007f98784f1a90 00007f9883c7e73b
0x00007f98784f1a30:   00007f987c0a0800 0000000000000000
0x00007f98784f1a40:   00007f98784f1a90 00007f9882acdf92
0x00007f98784f1a50:   00007f987c0a0800 000000000000000a
0x00007f98784f1a60:   00007f98784f1a90 00007f98784f1ca0
0x00007f98784f1a70:   00007f987c0a09e8 00007f987c07e368
0x00007f98784f1a80:   00007f98784f1b10 00007f9882ce1120
0x00007f98784f1a90:   00007f98784f1ad0 00007f9882ab03b2
0x00007f98784f1aa0:   00000000000010fa 000000000000000a
0x00007f98784f1ab0:   0000000000000001 000000000000000a
0x00007f98784f1ac0:   0000000000010a00 0000000000000001
0x00007f98784f1ad0:   00007f98784f1d20 00007f9882ab8976
0x00007f98784f1ae0:   000010fa00000013 00007f9883010a00
0x00007f98784f1af0:   00007f9844000fb0 00007f987c0a0800
0x00007f98784f1b00:   00007f98784f1b10 00007f98784f1ca0
0x00007f98784f1b10:   00007f98784f1b60 00007f980000012c
0x00007f98784f1b20:   00007f98784f1b28 0000000000000000
0x00007f98784f1b30:   00007f98784f1b60 0000000000000000
0x00007f98784f1b40:   0000000000000000 000010fa0000000f
0x00007f98784f1b50:   00007f9800001b80 00007f98784f1b60
0x00007f98784f1b60:   0800000031000000 0000000019000000
0x00007f98784f1b70:   000000001a000000 000000001b000000
0x00007f98784f1b80:   0000000000120000 6804000000420000
0x00007f98784f1b90:   4901000000687361 0200000000000000
0x00007f98784f1ba0:   c031004c987f0000 6972657310000000
0x00007f98784f1bb0:   6f69737265566c61 010000004449556e
0x00007f98784f1bc0:   000000000000004a 61004c987f00001a
0x00007f98784f1bd0:   7265731600000070 69737265506c6169
0x00007f98784f1be0:   656946746e657473 5b1c00000073646c
0x00007f98784f1bf0:   6f692f6176616a4c 537463656a624f2f
0x00007f98784f1c00:   6569466d61657274 00000000003b646c 

Instructions: (pc=0x00007f9883c2c379)
0x00007f9883c2c359:   08 48 d3 e2 48 03 10 b8 0c 00 00 00 eb 12 66 0f
0x00007f9883c2c369:   1f 84 00 00 00 00 00 48 8b 14 37 b8 10 00 00 00
0x00007f9883c2c379:   8b 1c 02 e9 6b ff ff ff 90 66 66 66 66 66 2e 0f
0x00007f9883c2c389:   1f 84 00 00 00 00 00 55 48 8b 05 b0 36 80 00 48 

Register to memory mapping:

RAX=0x000000000000000c is an unknown value
RBX=0x00007f987c07e368 is a global jni handle
RCX=0x0000000000000000 is an unknown value
RDX=0x0000000000000000 is an unknown value
RSP=0x00007f98784f1a10 is pointing into the stack for thread: 0x00007f987c0a0800
RBP=0x00007f98784f1a20 is pointing into the stack for thread: 0x00007f987c0a0800
RSI=0x000000000000000c is an unknown value
RDI=0x00000000f2e32df0 is an oop
java.lang.String 
 - klass: 'java/lang/String'
R8 =0x0000000000000000 is an unknown value
R9 =0x0000000000000001 is an unknown value
R10=0x0000000000000000 is an unknown value
R11=0x00007f9883c76550: <offset 0x64d550> in /usr/lib/jvm/java-7-oracle/jre/lib/amd64/server/libjvm.so at 0x00007f9883629000
R12=0x0000000000000000 is an unknown value
R13=0x00007f987c0a0800 is a thread
R14=0x00007f98784f1b10 is pointing into the stack for thread: 0x00007f987c0a0800
R15=0x0000000000000000 is an unknown value


Stack: [0x00007f98783f2000,0x00007f98784f3000],  sp=0x00007f98784f1a10,  free space=1022k
Native frames: (J=compiled Java code, j=interpreted, Vv=VM code, C=native code)
V  [libjvm.so+0x603379]  java_lang_String::utf8_length(oopDesc*)+0xd9
V  [libjvm.so+0x65573b]  jni_GetStringUTFChars+0xab
C  [libjdwp.so+0x93b2]  value+0x92
C  [libjdwp.so+0x11976]  debugLoop_run+0x2b6
C  [libjdwp.so+0x243af]  attachThread+0x2f
V  [libjvm.so+0x6fc827]  JvmtiAgentThread::call_start_function()+0x97
V  [libjvm.so+0x958d9f]  JavaThread::thread_main_inner()+0xdf
V  [libjvm.so+0x958ea5]  JavaThread::run()+0xf5
V  [libjvm.so+0x81f988]  java_start(Thread*)+0x108


---------------  P R O C E S S  ---------------

Java Threads: ( => current thread )
  0x00007f987c0ab800 JavaThread "Service Thread" daemon [_thread_blocked, id=4411, stack(0x00007f9869d6e000,0x00007f9869e6f000)]
  0x00007f987c0a9800 JavaThread "C2 CompilerThread1" daemon [_thread_blocked, id=4410, stack(0x00007f9869e6f000,0x00007f9869f70000)]
  0x00007f987c0a6800 JavaThread "C2 CompilerThread0" daemon [_thread_blocked, id=4409, stack(0x00007f98780ef000,0x00007f98781f0000)]
  0x00007f984c001000 JavaThread "JDWP Command Reader" daemon [_thread_in_native, id=4405, stack(0x00007f98781f0000,0x00007f98782f1000)]
  0x00007f987c0a4000 JavaThread "JDWP Event Helper Thread" daemon [_thread_blocked, id=4404, stack(0x00007f98782f1000,0x00007f98783f2000)]
=>0x00007f987c0a0800 JavaThread "JDWP Transport Listener: dt_socket" daemon [_thread_in_vm, id=4401, stack(0x00007f98783f2000,0x00007f98784f3000)]
  0x00007f987c093000 JavaThread "Signal Dispatcher" daemon [_thread_blocked, id=4399, stack(0x00007f98786f7000,0x00007f98787f8000)]
  0x00007f987c074800 JavaThread "Finalizer" daemon [_thread_blocked, id=4398, stack(0x00007f98787f8000,0x00007f98788f9000)]
  0x00007f987c072800 JavaThread "Reference Handler" daemon [_thread_blocked, id=4397, stack(0x00007f98788f9000,0x00007f98789fa000)]
  0x00007f987c00e800 JavaThread "main" [_thread_blocked, id=4386, stack(0x00007f9884f97000,0x00007f9885098000)]

Other Threads:
  0x00007f987c06e000 VMThread [stack: 0x00007f98789fa000,0x00007f9878afb000] [id=4396]
  0x00007f987c0b6800 WatcherThread [stack: 0x00007f9869c6d000,0x00007f9869d6e000] [id=4412]

VM state:not at safepoint (normal execution)

VM Mutex/Monitor currently owned by a thread: None

Heap
 PSYoungGen      total 199680K, used 118023K [0x00000000ec000000, 0x00000000f8780000, 0x0000000100000000)
  eden space 196096K, 59% used [0x00000000ec000000,0x00000000f3119d20,0x00000000f7f80000)
  from space 3584K, 61% used [0x00000000f8400000,0x00000000f8628000,0x00000000f8780000)
  to   space 4096K, 0% used [0x00000000f7f80000,0x00000000f7f80000,0x00000000f8380000)
 ParOldGen       total 40960K, used 2594K [0x00000000c4000000, 0x00000000c6800000, 0x00000000ec000000)
  object space 40960K, 6% used [0x00000000c4000000,0x00000000c4288aa8,0x00000000c6800000)
 PSPermGen       total 21504K, used 5654K [0x00000000bee00000, 0x00000000c0300000, 0x00000000c4000000)
  object space 21504K, 26% used [0x00000000bee00000,0x00000000bf385858,0x00000000c0300000)

Card table byte_map: [0x00007f9881560000,0x00007f988176a000] byte_map_base: 0x00007f9880f69000

Polling page: 0x00007f98850bb000

Code Cache  [0x00007f9879000000, 0x00007f9879270000, 0x00007f987c000000)
 total_blobs=510 nmethods=281 adapters=190 free_code_cache=48120Kb largest_free_block=49247104

Compilation events (10 events):
Event: 1,986 Thread 0x00007f987c0a9800 nmethod 275 0x00007f9879100d90 code [0x00007f9879100f40, 0x00007f98791011b8]
Event: 1,986 Thread 0x00007f987c0a6800 nmethod 278 0x00007f9879100750 code [0x00007f98791008c0, 0x00007f98791009d8]
Event: 2,001 Thread 0x00007f987c0a9800  279             com.marcolotz.lung.posprocesser.data.SeriesResults::validateNodules (50 bytes)
Event: 2,014 Thread 0x00007f987c0a9800 nmethod 279 0x00007f9879106250 code [0x00007f9879106480, 0x00007f9879106d38]
Event: 2,024 Thread 0x00007f987c0a6800  280  s          java.lang.StringBuffer::append (8 bytes)
Event: 2,030 Thread 0x00007f987c0a6800 nmethod 280 0x00007f9879107950 code [0x00007f9879107ac0, 0x00007f98791080b8]
Event: 2,136 Thread 0x00007f987c0a9800  281  s          java.lang.Throwable::getOurStackTrace (80 bytes)
Event: 2,141 Thread 0x00007f987c0a9800 nmethod 281 0x00007f98791083d0 code [0x00007f9879108540, 0x00007f9879108a78]
Event: 2,354 Thread 0x00007f987c0a6800  283             java.nio.HeapByteBuffer::ix (7 bytes)
Event: 2,354 Thread 0x00007f987c0a6800 nmethod 283 0x00007f9879107390 code [0x00007f98791074c0, 0x00007f9879107518]

GC Heap History (10 events):
Event: 1,505 GC heap before
{Heap before GC invocations=6 (full 0):
 PSYoungGen      total 33280K, used 32080K [0x00000000ec000000, 0x00000000f0400000, 0x0000000100000000)
  eden space 30720K, 100% used [0x00000000ec000000,0x00000000ede00000,0x00000000ede00000)
  from space 2560K, 53% used [0x00000000ede00000,0x00000000edf54010,0x00000000ee080000)
  to   space 4096K, 0% used [0x00000000f0000000,0x00000000f0000000,0x00000000f0400000)
 ParOldGen       total 40960K, used 1680K [0x00000000c4000000, 0x00000000c6800000, 0x00000000ec000000)
  object space 40960K, 4% used [0x00000000c4000000,0x00000000c41a4000,0x00000000c6800000)
 PSPermGen       total 21504K, used 5623K [0x00000000bee00000, 0x00000000c0300000, 0x00000000c4000000)
  object space 21504K, 26% used [0x00000000bee00000,0x00000000bf37de78,0x00000000c0300000)
Event: 1,509 GC heap after
Heap after GC invocations=6 (full 0):
 PSYoungGen      total 65536K, used 1536K [0x00000000ec000000, 0x00000000f0400000, 0x0000000100000000)
  eden space 61440K, 0% used [0x00000000ec000000,0x00000000ec000000,0x00000000efc00000)
  from space 4096K, 37% used [0x00000000f0000000,0x00000000f0180000,0x00000000f0400000)
  to   space 4096K, 0% used [0x00000000efc00000,0x00000000efc00000,0x00000000f0000000)
 ParOldGen       total 40960K, used 1680K [0x00000000c4000000, 0x00000000c6800000, 0x00000000ec000000)
  object space 40960K, 4% used [0x00000000c4000000,0x00000000c41a4000,0x00000000c6800000)
 PSPermGen       total 21504K, used 5623K [0x00000000bee00000, 0x00000000c0300000, 0x00000000c4000000)
  object space 21504K, 26% used [0x00000000bee00000,0x00000000bf37de78,0x00000000c0300000)
}
Event: 1,657 GC heap before
{Heap before GC invocations=7 (full 0):
 PSYoungGen      total 65536K, used 62976K [0x00000000ec000000, 0x00000000f0400000, 0x0000000100000000)
  eden space 61440K, 100% used [0x00000000ec000000,0x00000000efc00000,0x00000000efc00000)
  from space 4096K, 37% used [0x00000000f0000000,0x00000000f0180000,0x00000000f0400000)
  to   space 4096K, 0% used [0x00000000efc00000,0x00000000efc00000,0x00000000f0000000)
 ParOldGen       total 40960K, used 1680K [0x00000000c4000000, 0x00000000c6800000, 0x00000000ec000000)
  object space 40960K, 4% used [0x00000000c4000000,0x00000000c41a4000,0x00000000c6800000)
 PSPermGen       total 21504K, used 5625K [0x00000000bee00000, 0x00000000c0300000, 0x00000000c4000000)
  object space 21504K, 26% used [0x00000000bee00000,0x00000000bf37e710,0x00000000c0300000)
Event: 1,661 GC heap after
Heap after GC invocations=7 (full 0):
 PSYoungGen      total 65536K, used 800K [0x00000000ec000000, 0x00000000f4000000, 0x0000000100000000)
  eden space 61440K, 0% used [0x00000000ec000000,0x00000000ec000000,0x00000000efc00000)
  from space 4096K, 19% used [0x00000000efc00000,0x00000000efcc8000,0x00000000f0000000)
  to   space 4096K, 0% used [0x00000000f3c00000,0x00000000f3c00000,0x00000000f4000000)
 ParOldGen       total 40960K, used 2421K [0x00000000c4000000, 0x00000000c6800000, 0x00000000ec000000)
  object space 40960K, 5% used [0x00000000c4000000,0x00000000c425d750,0x00000000c6800000)
 PSPermGen       total 21504K, used 5625K [0x00000000bee00000, 0x00000000c0300000, 0x00000000c4000000)
  object space 21504K, 26% used [0x00000000bee00000,0x00000000bf37e710,0x00000000c0300000)
}
Event: 1,796 GC heap before
{Heap before GC invocations=8 (full 0):
 PSYoungGen      total 65536K, used 62240K [0x00000000ec000000, 0x00000000f4000000, 0x0000000100000000)
  eden space 61440K, 100% used [0x00000000ec000000,0x00000000efc00000,0x00000000efc00000)
  from space 4096K, 19% used [0x00000000efc00000,0x00000000efcc8000,0x00000000f0000000)
  to   space 4096K, 0% used [0x00000000f3c00000,0x00000000f3c00000,0x00000000f4000000)
 ParOldGen       total 40960K, used 2421K [0x00000000c4000000, 0x00000000c6800000, 0x00000000ec000000)
  object space 40960K, 5% used [0x00000000c4000000,0x00000000c425d750,0x00000000c6800000)
 PSPermGen       total 21504K, used 5630K [0x00000000bee00000, 0x00000000c0300000, 0x00000000c4000000)
  object space 21504K, 26% used [0x00000000bee00000,0x00000000bf37f878,0x00000000c0300000)
Event: 1,802 GC heap after
Heap after GC invocations=8 (full 0):
 PSYoungGen      total 126464K, used 3456K [0x00000000ec000000, 0x00000000f4100000, 0x0000000100000000)
  eden space 122368K, 0% used [0x00000000ec000000,0x00000000ec000000,0x00000000f3780000)
  from space 4096K, 84% used [0x00000000f3c00000,0x00000000f3f60000,0x00000000f4000000)
  to   space 4608K, 0% used [0x00000000f3780000,0x00000000f3780000,0x00000000f3c00000)
 ParOldGen       total 40960K, used 2477K [0x00000000c4000000, 0x00000000c6800000, 0x00000000ec000000)
  object space 40960K, 6% used [0x00000000c4000000,0x00000000c426b750,0x00000000c6800000)
 PSPermGen       total 21504K, used 5630K [0x00000000bee00000, 0x00000000c0300000, 0x00000000c4000000)
  object space 21504K, 26% used [0x00000000bee00000,0x00000000bf37f878,0x00000000c0300000)
}
Event: 2,030 GC heap before
{Heap before GC invocations=9 (full 0):
 PSYoungGen      total 126464K, used 125824K [0x00000000ec000000, 0x00000000f4100000, 0x0000000100000000)
  eden space 122368K, 100% used [0x00000000ec000000,0x00000000f3780000,0x00000000f3780000)
  from space 4096K, 84% used [0x00000000f3c00000,0x00000000f3f60000,0x00000000f4000000)
  to   space 4608K, 0% used [0x00000000f3780000,0x00000000f3780000,0x00000000f3c00000)
 ParOldGen       total 40960K, used 2477K [0x00000000c4000000, 0x00000000c6800000, 0x00000000ec000000)
  object space 40960K, 6% used [0x00000000c4000000,0x00000000c426b750,0x00000000c6800000)
 PSPermGen       total 21504K, used 5636K [0x00000000bee00000, 0x00000000c0300000, 0x00000000c4000000)
  object space 21504K, 26% used [0x00000000bee00000,0x00000000bf3813d8,0x00000000c0300000)
Event: 2,032 GC heap after
Heap after GC invocations=9 (full 0):
 PSYoungGen      total 126976K, used 1472K [0x00000000ec000000, 0x00000000f8880000, 0x0000000100000000)
  eden space 122368K, 0% used [0x00000000ec000000,0x00000000ec000000,0x00000000f3780000)
  from space 4608K, 31% used [0x00000000f3780000,0x00000000f38f0000,0x00000000f3c00000)
  to   space 4608K, 0% used [0x00000000f8400000,0x00000000f8400000,0x00000000f8880000)
 ParOldGen       total 40960K, used 2517K [0x00000000c4000000, 0x00000000c6800000, 0x00000000ec000000)
  object space 40960K, 6% used [0x00000000c4000000,0x00000000c4275750,0x00000000c6800000)
 PSPermGen       total 21504K, used 5636K [0x00000000bee00000, 0x00000000c0300000, 0x00000000c4000000)
  object space 21504K, 26% used [0x00000000bee00000,0x00000000bf3813d8,0x00000000c0300000)
}
Event: 2,267 GC heap before
{Heap before GC invocations=10 (full 0):
 PSYoungGen      total 126976K, used 123840K [0x00000000ec000000, 0x00000000f8880000, 0x0000000100000000)
  eden space 122368K, 100% used [0x00000000ec000000,0x00000000f3780000,0x00000000f3780000)
  from space 4608K, 31% used [0x00000000f3780000,0x00000000f38f0000,0x00000000f3c00000)
  to   space 4608K, 0% used [0x00000000f8400000,0x00000000f8400000,0x00000000f8880000)
 ParOldGen       total 40960K, used 2517K [0x00000000c4000000, 0x00000000c6800000, 0x00000000ec000000)
  object space 40960K, 6% used [0x00000000c4000000,0x00000000c4275750,0x00000000c6800000)
 PSPermGen       total 21504K, used 5644K [0x00000000bee00000, 0x00000000c0300000, 0x00000000c4000000)
  object space 21504K, 26% used [0x00000000bee00000,0x00000000bf383248,0x00000000c0300000)
Event: 2,272 GC heap after
Heap after GC invocations=10 (full 0):
 PSYoungGen      total 199680K, used 2208K [0x00000000ec000000, 0x00000000f8780000, 0x0000000100000000)
  eden space 196096K, 0% used [0x00000000ec000000,0x00000000ec000000,0x00000000f7f80000)
  from space 3584K, 61% used [0x00000000f8400000,0x00000000f8628000,0x00000000f8780000)
  to   space 4096K, 0% used [0x00000000f7f80000,0x00000000f7f80000,0x00000000f8380000)
 ParOldGen       total 40960K, used 2594K [0x00000000c4000000, 0x00000000c6800000, 0x00000000ec000000)
  object space 40960K, 6% used [0x00000000c4000000,0x00000000c4288aa8,0x00000000c6800000)
 PSPermGen       total 21504K, used 5644K [0x00000000bee00000, 0x00000000c0300000, 0x00000000c4000000)
  object space 21504K, 26% used [0x00000000bee00000,0x00000000bf383248,0x00000000c0300000)
}

Deoptimization events (5 events):
Event: 1,139 Thread 0x00007f987c00e800 Uncommon trap: reason=unreached action=reinterpret pc=0x00007f98790c4848 method=java.lang.reflect.Constructor.newInstance([Ljava/lang/Object;)Ljava/lang/Object; @ 69
Event: 1,265 Thread 0x00007f987c00e800 Uncommon trap: reason=array_check action=maybe_recompile pc=0x00007f98790d504c method=java.util.AbstractCollection.toArray([Ljava/lang/Object;)[Ljava/lang/Object; @ 119
Event: 1,265 Thread 0x00007f987c00e800 Uncommon trap: reason=array_check action=maybe_recompile pc=0x00007f98790d504c method=java.util.AbstractCollection.toArray([Ljava/lang/Object;)[Ljava/lang/Object; @ 119
Event: 1,266 Thread 0x00007f987c00e800 Uncommon trap: reason=array_check action=maybe_recompile pc=0x00007f98790d504c method=java.util.AbstractCollection.toArray([Ljava/lang/Object;)[Ljava/lang/Object; @ 119
Event: 1,266 Thread 0x00007f987c00e800 Uncommon trap: reason=array_check action=maybe_recompile pc=0x00007f98790d504c method=java.util.AbstractCollection.toArray([Ljava/lang/Object;)[Ljava/lang/Object; @ 119

Internal exceptions (10 events):
Event: 0,381 Thread 0x00007f987c00e800 Threw 0x00000000ec682f28 at /HUDSON/workspace/7u-2-build-linux-amd64/jdk7u65/1224/hotspot/src/share/vm/prims/jvm.cpp:1244
Event: 0,382 Thread 0x00007f987c00e800 Threw 0x00000000ec686e18 at /HUDSON/workspace/7u-2-build-linux-amd64/jdk7u65/1224/hotspot/src/share/vm/prims/jvm.cpp:1244
Event: 0,397 Thread 0x00007f987c00e800 Threw 0x00000000ec6a1210 at /HUDSON/workspace/7u-2-build-linux-amd64/jdk7u65/1224/hotspot/src/share/vm/prims/jvm.cpp:1244
Event: 0,399 Thread 0x00007f987c00e800 Threw 0x00000000ec6a9ac8 at /HUDSON/workspace/7u-2-build-linux-amd64/jdk7u65/1224/hotspot/src/share/vm/prims/jvm.cpp:1244
Event: 0,399 Thread 0x00007f987c00e800 Threw 0x00000000ec6ac838 at /HUDSON/workspace/7u-2-build-linux-amd64/jdk7u65/1224/hotspot/src/share/vm/prims/jvm.cpp:1244
Event: 0,400 Thread 0x00007f987c00e800 Threw 0x00000000ec6af020 at /HUDSON/workspace/7u-2-build-linux-amd64/jdk7u65/1224/hotspot/src/share/vm/prims/jvm.cpp:1244
Event: 0,403 Thread 0x00007f987c00e800 Threw 0x00000000ec6b8000 at /HUDSON/workspace/7u-2-build-linux-amd64/jdk7u65/1224/hotspot/src/share/vm/prims/jvm.cpp:1244
Event: 0,405 Thread 0x00007f987c00e800 Threw 0x00000000ec6be0a8 at /HUDSON/workspace/7u-2-build-linux-amd64/jdk7u65/1224/hotspot/src/share/vm/prims/jvm.cpp:1244
Event: 0,539 Thread 0x00007f987c00e800 Threw 0x00000000ec859648 at /HUDSON/workspace/7u-2-build-linux-amd64/jdk7u65/1224/hotspot/src/share/vm/prims/jvm.cpp:1244
Event: 1,139 Thread 0x00007f987c00e800 Implicit null exception at 0x00007f98790c4740 to 0x00007f98790c483d

Events (10 events):
Event: 46,555 Executing VM operation: GetCurrentLocation
Event: 46,556 Executing VM operation: GetCurrentLocation done
Event: 46,556 Executing VM operation: ChangeSingleStep
Event: 46,556 Executing VM operation: ChangeSingleStep done
Event: 46,557 Executing VM operation: ChangeSingleStep
Event: 46,557 Executing VM operation: ChangeSingleStep done
Event: 46,576 Executing VM operation: GetOrSetLocal
Event: 46,576 Executing VM operation: GetOrSetLocal done
Event: 46,579 Executing VM operation: GetOrSetLocal
Event: 46,579 Executing VM operation: GetOrSetLocal done


Dynamic libraries:
00400000-00401000 r-xp 00000000 08:11 1196107                            /usr/lib/jvm/java-7-oracle/bin/java
00600000-00601000 rw-p 00000000 08:11 1196107                            /usr/lib/jvm/java-7-oracle/bin/java
00a0e000-00a2f000 rw-p 00000000 00:00 0                                  [heap]
bee00000-c0300000 rw-p 00000000 00:00 0 
c0300000-c4000000 rw-p 00000000 00:00 0 
c4000000-c6800000 rw-p 00000000 00:00 0 
c6800000-ec000000 rw-p 00000000 00:00 0 
ec000000-f8780000 rw-p 00000000 00:00 0 
f8780000-f8880000 ---p 00000000 00:00 0 
f8880000-100000000 rw-p 00000000 00:00 0 
7f9834000000-7f9834021000 rw-p 00000000 00:00 0 
7f9834021000-7f9838000000 ---p 00000000 00:00 0 
7f983c000000-7f983caba000 rw-p 00000000 00:00 0 
7f983caba000-7f9840000000 ---p 00000000 00:00 0 
7f9840000000-7f9840021000 rw-p 00000000 00:00 0 
7f9840021000-7f9844000000 ---p 00000000 00:00 0 
7f9844000000-7f9844021000 rw-p 00000000 00:00 0 
7f9844021000-7f9848000000 ---p 00000000 00:00 0 
7f9848000000-7f984852d000 rw-p 00000000 00:00 0 
7f984852d000-7f984c000000 ---p 00000000 00:00 0 
7f984c000000-7f984c0f2000 rw-p 00000000 00:00 0 
7f984c0f2000-7f9850000000 ---p 00000000 00:00 0 
7f9850000000-7f9850021000 rw-p 00000000 00:00 0 
7f9850021000-7f9854000000 ---p 00000000 00:00 0 
7f9854000000-7f9854021000 rw-p 00000000 00:00 0 
7f9854021000-7f9858000000 ---p 00000000 00:00 0 
7f9858000000-7f9858021000 rw-p 00000000 00:00 0 
7f9858021000-7f985c000000 ---p 00000000 00:00 0 
7f985c000000-7f985c021000 rw-p 00000000 00:00 0 
7f985c021000-7f9860000000 ---p 00000000 00:00 0 
7f9860000000-7f9860021000 rw-p 00000000 00:00 0 
7f9860021000-7f9864000000 ---p 00000000 00:00 0 
7f9864000000-7f9864021000 rw-p 00000000 00:00 0 
7f9864021000-7f9868000000 ---p 00000000 00:00 0 
7f986965d000-7f98697fa000 rw-p 00000000 00:00 0 
7f98697fa000-7f9869810000 r-xp 00000000 08:11 1180354                    /usr/lib/jvm/java-7-oracle/jre/lib/amd64/libnet.so
7f9869810000-7f9869a10000 ---p 00016000 08:11 1180354                    /usr/lib/jvm/java-7-oracle/jre/lib/amd64/libnet.so
7f9869a10000-7f9869a11000 rw-p 00016000 08:11 1180354                    /usr/lib/jvm/java-7-oracle/jre/lib/amd64/libnet.so
7f9869a11000-7f9869a21000 r-xp 00000000 08:11 1180369                    /usr/lib/jvm/java-7-oracle/jre/lib/amd64/libnio.so
7f9869a21000-7f9869c21000 ---p 00010000 08:11 1180369                    /usr/lib/jvm/java-7-oracle/jre/lib/amd64/libnio.so
7f9869c21000-7f9869c22000 rw-p 00010000 08:11 1180369                    /usr/lib/jvm/java-7-oracle/jre/lib/amd64/libnio.so
7f9869c22000-7f9869c24000 r--s 001a2000 08:01 5508629                    /home/prometheus/Dropbox/TCC/code/workspace/LungPostProcesser/lib/ImageJPlugins/ijblob-1.2.jar
7f9869c24000-7f9869c26000 r--s 00009000 08:01 5508630                    /home/prometheus/Dropbox/TCC/code/workspace/LungPostProcesser/lib/ImageJPlugins/Gray_Morphology.jar
7f9869c26000-7f9869c28000 r--s 00001000 08:01 4465202                    /home/prometheus/Dropbox/TCC/code/workspace/LungPostProcesser/lib/Hadoop/Jars/slf4j-log4j12.jar
7f9869c28000-7f9869c2a000 r--s 00005000 08:01 4465215                    /home/prometheus/Dropbox/TCC/code/workspace/LungPostProcesser/lib/Hadoop/Jars/slf4j-api.jar
7f9869c2a000-7f9869c2c000 r--s 00005000 08:01 4465209                    /home/prometheus/Dropbox/TCC/code/workspace/LungPostProcesser/lib/Hadoop/Jars/slf4j-api-1.7.5.jar
7f9869c2c000-7f9869c35000 r--s 0006f000 08:01 4465207                    /home/prometheus/Dropbox/TCC/code/workspace/LungPostProcesser/lib/Hadoop/Jars/log4j.jar
7f9869c35000-7f9869c47000 r--s 00138000 08:01 4465219                    /home/prometheus/Dropbox/TCC/code/workspace/LungPostProcesser/lib/Hadoop/Jars/hadoop-yarn-common.jar
7f9869c47000-7f9869c59000 r--s 00138000 08:01 4465211                    /home/prometheus/Dropbox/TCC/code/workspace/LungPostProcesser/lib/Hadoop/Jars/hadoop-yarn-common-2.3.0-cdh5.0.0.jar
7f9869c59000-7f9869c6d000 r--s 00132000 08:01 4465217                    /home/prometheus/Dropbox/TCC/code/workspace/LungPostProcesser/lib/Hadoop/Jars/hadoop-yarn-api.jar
7f9869c6d000-7f9869c6e000 ---p 00000000 00:00 0 
7f9869c6e000-7f9869d6e000 rw-p 00000000 00:00 0                          [stack:4412]
7f9869d6e000-7f9869d71000 ---p 00000000 00:00 0 
7f9869d71000-7f9869e6f000 rw-p 00000000 00:00 0                          [stack:4411]
7f9869e6f000-7f9869e72000 ---p 00000000 00:00 0 
7f9869e72000-7f986c000000 rw-p 00000000 00:00 0                          [stack:4410]
7f986c000000-7f986c021000 rw-p 00000000 00:00 0 
7f986c021000-7f9870000000 ---p 00000000 00:00 0 
7f9870000000-7f9870021000 rw-p 00000000 00:00 0 
7f9870021000-7f9874000000 ---p 00000000 00:00 0 
7f9874000000-7f9874021000 rw-p 00000000 00:00 0 
7f9874021000-7f9878000000 ---p 00000000 00:00 0 
7f9878000000-7f9878009000 r--s 0006f000 08:01 4465205                    /home/prometheus/Dropbox/TCC/code/workspace/LungPostProcesser/lib/Hadoop/Jars/log4j-1.2.17.jar
7f9878009000-7f987800c000 r--s 00015000 08:01 4465208                    /home/prometheus/Dropbox/TCC/code/workspace/LungPostProcesser/lib/Hadoop/Jars/hadoop-yarn-client.jar
7f987800c000-7f987800f000 r--s 00015000 08:01 4465216                    /home/prometheus/Dropbox/TCC/code/workspace/LungPostProcesser/lib/Hadoop/Jars/hadoop-yarn-client-2.3.0-cdh5.0.0.jar
7f987800f000-7f9878023000 r--s 00132000 08:01 4465203                    /home/prometheus/Dropbox/TCC/code/workspace/LungPostProcesser/lib/Hadoop/Jars/hadoop-yarn-api-2.3.0-cdh5.0.0.jar
7f9878023000-7f987803b000 r--s 00152000 08:01 4465201                    /home/prometheus/Dropbox/TCC/code/workspace/LungPostProcesser/lib/Hadoop/Jars/hadoop-mapreduce-client-core.jar
7f987803b000-7f9878053000 r--s 00152000 08:01 4465214                    /home/prometheus/Dropbox/TCC/code/workspace/LungPostProcesser/lib/Hadoop/Jars/hadoop-mapreduce-client-core-2.3.0-cdh5.0.0.jar
7f9878053000-7f987805e000 r--s 00097000 08:01 4465221                    /home/prometheus/Dropbox/TCC/code/workspace/LungPostProcesser/lib/Hadoop/Jars/hadoop-mapreduce-client-common.jar
7f987805e000-7f9878069000 r--s 00097000 08:01 4465222                    /home/prometheus/Dropbox/TCC/code/workspace/LungPostProcesser/lib/Hadoop/Jars/hadoop-mapreduce-client-common-2.3.0-cdh5.0.0.jar
7f9878069000-7f98780c2000 r--s 0062b000 08:01 4465213                    /home/prometheus/Dropbox/TCC/code/workspace/LungPostProcesser/lib/Hadoop/Jars/hadoop-hdfs.jar
7f98780c2000-7f98780ef000 r--s 00282000 08:01 4465210                    /home/prometheus/Dropbox/TCC/code/workspace/LungPostProcesser/lib/Hadoop/Jars/hadoop-common.jar
7f98780ef000-7f98780f2000 ---p 00000000 00:00 0 
7f98780f2000-7f98781f0000 rw-p 00000000 00:00 0                          [stack:4409]
7f98781f0000-7f98781f3000 ---p 00000000 00:00 0 
7f98781f3000-7f98782f1000 rw-p 00000000 00:00 0                          [stack:4405]
7f98782f1000-7f98782f4000 ---p 00000000 00:00 0 
7f98782f4000-7f98783f2000 rw-p 00000000 00:00 0                          [stack:4404]
7f98783f2000-7f98783f5000 ---p 00000000 00:00 0 
7f98783f5000-7f98784f3000 rw-p 00000000 00:00 0                          [stack:4401]
7f98784f3000-7f98784f7000 r-xp 00000000 08:11 1180459                    /usr/lib/jvm/java-7-oracle/jre/lib/amd64/libdt_socket.so
7f98784f7000-7f98786f6000 ---p 00004000 08:11 1180459                    /usr/lib/jvm/java-7-oracle/jre/lib/amd64/libdt_socket.so
7f98786f6000-7f98786f7000 rw-p 00003000 08:11 1180459                    /usr/lib/jvm/java-7-oracle/jre/lib/amd64/libdt_socket.so
7f98786f7000-7f98786fa000 ---p 00000000 00:00 0 
7f98786fa000-7f98787f8000 rw-p 00000000 00:00 0                          [stack:4399]
7f98787f8000-7f98787fb000 ---p 00000000 00:00 0 
7f98787fb000-7f98788f9000 rw-p 00000000 00:00 0                          [stack:4398]
7f98788f9000-7f98788fc000 ---p 00000000 00:00 0 
7f98788fc000-7f98789fa000 rw-p 00000000 00:00 0                          [stack:4397]
7f98789fa000-7f98789fb000 ---p 00000000 00:00 0 
7f98789fb000-7f9879000000 rw-p 00000000 00:00 0                          [stack:4396]
7f9879000000-7f9879270000 rwxp 00000000 00:00 0 
7f9879270000-7f987c2bb000 rw-p 00000000 00:00 0 
7f987c2bb000-7f9880000000 ---p 00000000 00:00 0 
7f9880000000-7f9880001000 rw-p 00000000 00:00 0 
7f9880001000-7f988000b000 r--s 0006d000 08:01 4465223                    /home/prometheus/Dropbox/TCC/code/workspace/LungPostProcesser/lib/Hadoop/Jars/hadoop-mapreduce-client-app.jar
7f988000b000-7f9880038000 r--s 00282000 08:01 4465200                    /home/prometheus/Dropbox/TCC/code/workspace/LungPostProcesser/lib/Hadoop/Jars/hadoop-common-2.3.0-cdh5.0.0.jar
7f9880038000-7f9880b32000 rw-p 00000000 00:00 0 
7f9880b32000-7f9880cf1000 r--s 039e5000 08:11 1180203                    /usr/lib/jvm/java-7-oracle/jre/lib/rt.jar
7f9880cf1000-7f9880ff3000 rw-p 00000000 00:00 0 
7f9880ff3000-7f9880ff4000 ---p 00000000 00:00 0 
7f9880ff4000-7f98810f4000 rw-p 00000000 00:00 0                          [stack:4390]
7f98810f4000-7f98810f5000 ---p 00000000 00:00 0 
7f98810f5000-7f98811f5000 rw-p 00000000 00:00 0                          [stack:4389]
7f98811f5000-7f98811f6000 ---p 00000000 00:00 0 
7f98811f6000-7f98812f6000 rw-p 00000000 00:00 0                          [stack:4388]
7f98812f6000-7f98812f7000 ---p 00000000 00:00 0 
7f98812f7000-7f9881402000 rw-p 00000000 00:00 0                          [stack:4387]
7f9881402000-7f9881420000 rw-p 00000000 00:00 0 
7f9881420000-7f9881434000 rw-p 00000000 00:00 0 
7f9881434000-7f9881560000 rw-p 00000000 00:00 0 
7f9881560000-7f988156b000 rw-p 00000000 00:00 0 
7f988156b000-7f9881589000 rw-p 00000000 00:00 0 
7f9881589000-7f988159d000 rw-p 00000000 00:00 0 
7f988159d000-7f98816c9000 rw-p 00000000 00:00 0 
7f98816c9000-7f988172d000 rw-p 00000000 00:00 0 
7f988172d000-7f988172e000 ---p 00000000 00:00 0 
7f988172e000-7f9881769000 rw-p 00000000 00:00 0 
7f9881769000-7f988176a000 rw-p 00000000 00:00 0 
7f988176a000-7f9881784000 r-xp 00000000 08:11 1180363                    /usr/lib/jvm/java-7-oracle/jre/lib/amd64/libzip.so
7f9881784000-7f9881984000 ---p 0001a000 08:11 1180363                    /usr/lib/jvm/java-7-oracle/jre/lib/amd64/libzip.so
7f9881984000-7f9881985000 rw-p 0001a000 08:11 1180363                    /usr/lib/jvm/java-7-oracle/jre/lib/amd64/libzip.so
7f9881985000-7f9881990000 r-xp 00000000 08:11 1052996                    /lib/x86_64-linux-gnu/libnss_files-2.19.so
7f9881990000-7f9881b8f000 ---p 0000b000 08:11 1052996                    /lib/x86_64-linux-gnu/libnss_files-2.19.so
7f9881b8f000-7f9881b90000 r--p 0000a000 08:11 1052996                    /lib/x86_64-linux-gnu/libnss_files-2.19.so
7f9881b90000-7f9881b91000 rw-p 0000b000 08:11 1052996                    /lib/x86_64-linux-gnu/libnss_files-2.19.so
7f9881b91000-7f9881b9c000 r-xp 00000000 08:11 1053006                    /lib/x86_64-linux-gnu/libnss_nis-2.19.so
7f9881b9c000-7f9881d9b000 ---p 0000b000 08:11 1053006                    /lib/x86_64-linux-gnu/libnss_nis-2.19.so
7f9881d9b000-7f9881d9c000 r--p 0000a000 08:11 1053006                    /lib/x86_64-linux-gnu/libnss_nis-2.19.so
7f9881d9c000-7f9881d9d000 rw-p 0000b000 08:11 1053006                    /lib/x86_64-linux-gnu/libnss_nis-2.19.so
7f9881d9d000-7f9881db4000 r-xp 00000000 08:11 1052990                    /lib/x86_64-linux-gnu/libnsl-2.19.so
7f9881db4000-7f9881fb3000 ---p 00017000 08:11 1052990                    /lib/x86_64-linux-gnu/libnsl-2.19.so
7f9881fb3000-7f9881fb4000 r--p 00016000 08:11 1052990                    /lib/x86_64-linux-gnu/libnsl-2.19.so
7f9881fb4000-7f9881fb5000 rw-p 00017000 08:11 1052990                    /lib/x86_64-linux-gnu/libnsl-2.19.so
7f9881fb5000-7f9881fb7000 rw-p 00000000 00:00 0 
7f9881fb7000-7f9881fc0000 r-xp 00000000 08:11 1052992                    /lib/x86_64-linux-gnu/libnss_compat-2.19.so
7f9881fc0000-7f98821bf000 ---p 00009000 08:11 1052992                    /lib/x86_64-linux-gnu/libnss_compat-2.19.so
7f98821bf000-7f98821c0000 r--p 00008000 08:11 1052992                    /lib/x86_64-linux-gnu/libnss_compat-2.19.so
7f98821c0000-7f98821c1000 rw-p 00009000 08:11 1052992                    /lib/x86_64-linux-gnu/libnss_compat-2.19.so
7f98821c1000-7f98828a4000 r--p 00000000 08:11 1185567                    /usr/lib/locale/locale-archive
7f98828a4000-7f98828a7000 r-xp 00000000 08:11 1180440                    /usr/lib/jvm/java-7-oracle/jre/lib/amd64/libnpt.so
7f98828a7000-7f9882aa6000 ---p 00003000 08:11 1180440                    /usr/lib/jvm/java-7-oracle/jre/lib/amd64/libnpt.so
7f9882aa6000-7f9882aa7000 rw-p 00002000 08:11 1180440                    /usr/lib/jvm/java-7-oracle/jre/lib/amd64/libnpt.so
7f9882aa7000-7f9882ae0000 r-xp 00000000 08:11 1180370                    /usr/lib/jvm/java-7-oracle/jre/lib/amd64/libjdwp.so
7f9882ae0000-7f9882ce0000 ---p 00039000 08:11 1180370                    /usr/lib/jvm/java-7-oracle/jre/lib/amd64/libjdwp.so
7f9882ce0000-7f9882ce1000 rw-p 00039000 08:11 1180370                    /usr/lib/jvm/java-7-oracle/jre/lib/amd64/libjdwp.so
7f9882ce1000-7f9882ce2000 rw-p 00000000 00:00 0 
7f9882ce2000-7f9882d0b000 r-xp 00000000 08:11 1180454                    /usr/lib/jvm/java-7-oracle/jre/lib/amd64/libjava.so
7f9882d0b000-7f9882f0b000 ---p 00029000 08:11 1180454                    /usr/lib/jvm/java-7-oracle/jre/lib/amd64/libjava.so
7f9882f0b000-7f9882f0d000 rw-p 00029000 08:11 1180454                    /usr/lib/jvm/java-7-oracle/jre/lib/amd64/libjava.so
7f9882f0d000-7f9882f1a000 r-xp 00000000 08:11 1180460                    /usr/lib/jvm/java-7-oracle/jre/lib/amd64/libverify.so
7f9882f1a000-7f9883119000 ---p 0000d000 08:11 1180460                    /usr/lib/jvm/java-7-oracle/jre/lib/amd64/libverify.so
7f9883119000-7f988311b000 rw-p 0000c000 08:11 1180460                    /usr/lib/jvm/java-7-oracle/jre/lib/amd64/libverify.so
7f988311b000-7f9883122000 r-xp 00000000 08:11 1053049                    /lib/x86_64-linux-gnu/librt-2.19.so
7f9883122000-7f9883321000 ---p 00007000 08:11 1053049                    /lib/x86_64-linux-gnu/librt-2.19.so
7f9883321000-7f9883322000 r--p 00006000 08:11 1053049                    /lib/x86_64-linux-gnu/librt-2.19.so
7f9883322000-7f9883323000 rw-p 00007000 08:11 1053049                    /lib/x86_64-linux-gnu/librt-2.19.so
7f9883323000-7f9883428000 r-xp 00000000 08:11 1052971                    /lib/x86_64-linux-gnu/libm-2.19.so
7f9883428000-7f9883627000 ---p 00105000 08:11 1052971                    /lib/x86_64-linux-gnu/libm-2.19.so
7f9883627000-7f9883628000 r--p 00104000 08:11 1052971                    /lib/x86_64-linux-gnu/libm-2.19.so
7f9883628000-7f9883629000 rw-p 00105000 08:11 1052971                    /lib/x86_64-linux-gnu/libm-2.19.so
7f9883629000-7f9884199000 r-xp 00000000 08:11 1180445                    /usr/lib/jvm/java-7-oracle/jre/lib/amd64/server/libjvm.so
7f9884199000-7f9884398000 ---p 00b70000 08:11 1180445                    /usr/lib/jvm/java-7-oracle/jre/lib/amd64/server/libjvm.so
7f9884398000-7f988445d000 rw-p 00b6f000 08:11 1180445                    /usr/lib/jvm/java-7-oracle/jre/lib/amd64/server/libjvm.so
7f988445d000-7f988449d000 rw-p 00000000 00:00 0 
7f988449d000-7f9884659000 r-xp 00000000 08:11 1052921                    /lib/x86_64-linux-gnu/libc-2.19.so
7f9884659000-7f9884858000 ---p 001bc000 08:11 1052921                    /lib/x86_64-linux-gnu/libc-2.19.so
7f9884858000-7f988485c000 r--p 001bb000 08:11 1052921                    /lib/x86_64-linux-gnu/libc-2.19.so
7f988485c000-7f988485e000 rw-p 001bf000 08:11 1052921                    /lib/x86_64-linux-gnu/libc-2.19.so
7f988485e000-7f9884863000 rw-p 00000000 00:00 0 
7f9884863000-7f9884866000 r-xp 00000000 08:11 1052938                    /lib/x86_64-linux-gnu/libdl-2.19.so
7f9884866000-7f9884a65000 ---p 00003000 08:11 1052938                    /lib/x86_64-linux-gnu/libdl-2.19.so
7f9884a65000-7f9884a66000 r--p 00002000 08:11 1052938                    /lib/x86_64-linux-gnu/libdl-2.19.so
7f9884a66000-7f9884a67000 rw-p 00003000 08:11 1052938                    /lib/x86_64-linux-gnu/libdl-2.19.so
7f9884a67000-7f9884a7d000 r-xp 00000000 08:11 1196052                    /usr/lib/jvm/java-7-oracle/lib/amd64/jli/libjli.so
7f9884a7d000-7f9884c7d000 ---p 00016000 08:11 1196052                    /usr/lib/jvm/java-7-oracle/lib/amd64/jli/libjli.so
7f9884c7d000-7f9884c7e000 rw-p 00016000 08:11 1196052                    /usr/lib/jvm/java-7-oracle/lib/amd64/jli/libjli.so
7f9884c7e000-7f9884c97000 r-xp 00000000 08:11 1053041                    /lib/x86_64-linux-gnu/libpthread-2.19.so
7f9884c97000-7f9884e96000 ---p 00019000 08:11 1053041                    /lib/x86_64-linux-gnu/libpthread-2.19.so
7f9884e96000-7f9884e97000 r--p 00018000 08:11 1053041                    /lib/x86_64-linux-gnu/libpthread-2.19.so
7f9884e97000-7f9884e98000 rw-p 00019000 08:11 1053041                    /lib/x86_64-linux-gnu/libpthread-2.19.so
7f9884e98000-7f9884e9c000 rw-p 00000000 00:00 0 
7f9884e9c000-7f9884ebf000 r-xp 00000000 08:11 1052897                    /lib/x86_64-linux-gnu/ld-2.19.so
7f9884ebf000-7f9884ec0000 rw-p 00000000 00:00 0 
7f9884ec0000-7f9884eca000 r--s 0006d000 08:01 4465220                    /home/prometheus/Dropbox/TCC/code/workspace/LungPostProcesser/lib/Hadoop/Jars/hadoop-mapreduce-client-app-2.3.0-cdh5.0.0.jar
7f9884eca000-7f9884ecc000 r--s 0000e000 08:01 4465204                    /home/prometheus/Dropbox/TCC/code/workspace/LungPostProcesser/lib/Hadoop/Jars/commons-logging.jar
7f9884ecc000-7f9884ece000 r--s 0000e000 08:01 4465206                    /home/prometheus/Dropbox/TCC/code/workspace/LungPostProcesser/lib/Hadoop/Jars/commons-logging-1.1.3.jar
7f9884ece000-7f9884ed2000 r--s 0002a000 08:01 4465212                    /home/prometheus/Dropbox/TCC/code/workspace/LungPostProcesser/lib/Hadoop/Jars/commons-io-2.4.jar
7f9884ed2000-7f9884ed7000 r--s 0002a000 08:01 4588362                    /home/prometheus/Dropbox/TCC/code/workspace/LungPostProcesser/lib/google-gson-2.2.4/gson-2.2.4.jar
7f9884ed7000-7f9884ee1000 rw-p 00000000 00:00 0 
7f9884ee1000-7f9884f97000 rw-p 00000000 00:00 0 
7f9884f97000-7f9884f9a000 ---p 00000000 00:00 0 
7f9884f9a000-7f988509c000 rw-p 00000000 00:00 0                          [stack:4386]
7f988509c000-7f988509d000 r--s 00008000 08:01 4465218                    /home/prometheus/Dropbox/TCC/code/workspace/LungPostProcesser/lib/Hadoop/Jars/hadoop-mapreduce-client-jobclient.jar
7f988509d000-7f98850b2000 rw-p 00000000 00:00 0 
7f98850b2000-7f98850ba000 rw-s 00000000 08:11 931073                     /tmp/hsperfdata_prometheus/4385
7f98850ba000-7f98850bb000 rw-p 00000000 00:00 0 
7f98850bb000-7f98850bc000 r--p 00000000 00:00 0 
7f98850bc000-7f98850be000 rw-p 00000000 00:00 0 
7f98850be000-7f98850bf000 r--p 00022000 08:11 1052897                    /lib/x86_64-linux-gnu/ld-2.19.so
7f98850bf000-7f98850c0000 rw-p 00023000 08:11 1052897                    /lib/x86_64-linux-gnu/ld-2.19.so
7f98850c0000-7f98850c1000 rw-p 00000000 00:00 0 
7fff6fd2c000-7fff6fd4e000 rw-p 00000000 00:00 0                          [stack]
7fff6fdfe000-7fff6fe00000 r-xp 00000000 00:00 0                          [vdso]
ffffffffff600000-ffffffffff601000 r-xp 00000000 00:00 0                  [vsyscall]

VM Arguments:
jvm_args: -agentlib:jdwp=transport=dt_socket,suspend=y,address=localhost:36903 -Dfile.encoding=UTF-8 
java_command: com.marcolotz.lung.posprocesser.core.PostProcessorRunner /home/prometheus/Dropbox/TCC/output/hadoop/onlyLungs/output.json /home/prometheus/Dropbox/TCC/output/postProcessing/output.json
Launcher Type: SUN_STANDARD

Environment Variables:
JAVA_HOME=/usr/java/jdk1.7.0_55/bin
PATH=/usr/local/sbin:/usr/local/bin:/usr/sbin:/usr/bin:/sbin:/bin:/usr/games:/usr/local/games:/usr/lib/jvm/java-7-oracle:/usr/lib/jvm/java-7-oracle/bin:/usr/lib/jvm/java-7-oracle/db/bin:/usr/lib/jvm/java-7-oracle/jre/bin:/usr/local/scala/sbt/bin
SHELL=/bin/bash
DISPLAY=:0

Signal Handlers:
SIGSEGV: [libjvm.so+0x99f4a0], sa_mask[0]=0x7ffbfeff, sa_flags=0x10000004
SIGBUS: [libjvm.so+0x99f4a0], sa_mask[0]=0x7ffbfeff, sa_flags=0x10000004
SIGFPE: [libjvm.so+0x81a860], sa_mask[0]=0x7ffbfeff, sa_flags=0x10000004
SIGPIPE: [libjvm.so+0x81a860], sa_mask[0]=0x7ffbfeff, sa_flags=0x10000004
SIGXFSZ: [libjvm.so+0x81a860], sa_mask[0]=0x7ffbfeff, sa_flags=0x10000004
SIGILL: [libjvm.so+0x81a860], sa_mask[0]=0x7ffbfeff, sa_flags=0x10000004
SIGUSR1: SIG_DFL, sa_mask[0]=0x00000000, sa_flags=0x00000000
SIGUSR2: [libjvm.so+0x81c060], sa_mask[0]=0x00000004, sa_flags=0x10000004
SIGHUP: [libjvm.so+0x81d160], sa_mask[0]=0x7ffbfeff, sa_flags=0x10000004
SIGINT: [libjvm.so+0x81d160], sa_mask[0]=0x7ffbfeff, sa_flags=0x10000004
SIGTERM: [libjvm.so+0x81d160], sa_mask[0]=0x7ffbfeff, sa_flags=0x10000004
SIGQUIT: [libjvm.so+0x81d160], sa_mask[0]=0x7ffbfeff, sa_flags=0x10000004


---------------  S Y S T E M  ---------------

OS:jessie/sid

uname:Linux 3.13.0-32-generic #57-Ubuntu SMP Tue Jul 15 03:51:08 UTC 2014 x86_64
libc:glibc 2.19 NPTL 2.19 
rlimit: STACK 8192k, CORE 0k, NPROC 30545, NOFILE 4096, AS infinity
load average:0,89 0,99 1,16

/proc/meminfo:
MemTotal:        3931368 kB
MemFree:          131104 kB
Buffers:          254944 kB
Cached:          1397480 kB
SwapCached:            0 kB
Active:          2180812 kB
Inactive:        1187708 kB
Active(anon):    1541584 kB
Inactive(anon):   590304 kB
Active(file):     639228 kB
Inactive(file):   597404 kB
Unevictable:          48 kB
Mlocked:              48 kB
SwapTotal:       9870332 kB
SwapFree:        9870060 kB
Dirty:               404 kB
Writeback:             0 kB
AnonPages:       1716520 kB
Mapped:           397460 kB
Shmem:            415784 kB
Slab:             332372 kB
SReclaimable:     296784 kB
SUnreclaim:        35588 kB
KernelStack:        4392 kB
PageTables:        36400 kB
NFS_Unstable:          0 kB
Bounce:                0 kB
WritebackTmp:          0 kB
CommitLimit:    11836016 kB
Committed_AS:    5474056 kB
VmallocTotal:   34359738367 kB
VmallocUsed:      354584 kB
VmallocChunk:   34359371352 kB
HardwareCorrupted:     0 kB
AnonHugePages:    878592 kB
HugePages_Total:       0
HugePages_Free:        0
HugePages_Rsvd:        0
HugePages_Surp:        0
Hugepagesize:       2048 kB
DirectMap4k:       69680 kB
DirectMap2M:     4007936 kB


CPU:total 4 (2 cores per cpu, 2 threads per core) family 6 model 58 stepping 9, cmov, cx8, fxsr, mmx, sse, sse2, sse3, ssse3, sse4.1, sse4.2, popcnt, avx, aes, erms, ht, tsc, tscinvbit, tscinv

/proc/cpuinfo:
processor	: 0
vendor_id	: GenuineIntel
cpu family	: 6
model		: 58
model name	: Intel(R) Core(TM) i7-3517U CPU @ 1.90GHz
stepping	: 9
microcode	: 0x15
cpu MHz		: 1900.000
cache size	: 4096 KB
physical id	: 0
siblings	: 4
core id		: 0
cpu cores	: 2
apicid		: 0
initial apicid	: 0
fpu		: yes
fpu_exception	: yes
cpuid level	: 13
wp		: yes
flags		: fpu vme de pse tsc msr pae mce cx8 apic sep mtrr pge mca cmov pat pse36 clflush dts acpi mmx fxsr sse sse2 ss ht tm pbe syscall nx rdtscp lm constant_tsc arch_perfmon pebs bts rep_good nopl xtopology nonstop_tsc aperfmperf eagerfpu pni pclmulqdq dtes64 monitor ds_cpl vmx est tm2 ssse3 cx16 xtpr pdcm pcid sse4_1 sse4_2 x2apic popcnt tsc_deadline_timer aes xsave avx f16c rdrand lahf_lm ida arat epb xsaveopt pln pts dtherm tpr_shadow vnmi flexpriority ept vpid fsgsbase smep erms
bogomips	: 4788.97
clflush size	: 64
cache_alignment	: 64
address sizes	: 36 bits physical, 48 bits virtual
power management:

processor	: 1
vendor_id	: GenuineIntel
cpu family	: 6
model		: 58
model name	: Intel(R) Core(TM) i7-3517U CPU @ 1.90GHz
stepping	: 9
microcode	: 0x15
cpu MHz		: 1900.000
cache size	: 4096 KB
physical id	: 0
siblings	: 4
core id		: 1
cpu cores	: 2
apicid		: 2
initial apicid	: 2
fpu		: yes
fpu_exception	: yes
cpuid level	: 13
wp		: yes
flags		: fpu vme de pse tsc msr pae mce cx8 apic sep mtrr pge mca cmov pat pse36 clflush dts acpi mmx fxsr sse sse2 ss ht tm pbe syscall nx rdtscp lm constant_tsc arch_perfmon pebs bts rep_good nopl xtopology nonstop_tsc aperfmperf eagerfpu pni pclmulqdq dtes64 monitor ds_cpl vmx est tm2 ssse3 cx16 xtpr pdcm pcid sse4_1 sse4_2 x2apic popcnt tsc_deadline_timer aes xsave avx f16c rdrand lahf_lm ida arat epb xsaveopt pln pts dtherm tpr_shadow vnmi flexpriority ept vpid fsgsbase smep erms
bogomips	: 4788.97
clflush size	: 64
cache_alignment	: 64
address sizes	: 36 bits physical, 48 bits virtual
power management:

processor	: 2
vendor_id	: GenuineIntel
cpu family	: 6
model		: 58
model name	: Intel(R) Core(TM) i7-3517U CPU @ 1.90GHz
stepping	: 9
microcode	: 0x15
cpu MHz		: 1900.000
cache size	: 4096 KB
physical id	: 0
siblings	: 4
core id		: 0
cpu cores	: 2
apicid		: 1
initial apicid	: 1
fpu		: yes
fpu_exception	: yes
cpuid level	: 13
wp		: yes
flags		: fpu vme de pse tsc msr pae mce cx8 apic sep mtrr pge mca cmov pat pse36 clflush dts acpi mmx fxsr sse sse2 ss ht tm pbe syscall nx rdtscp lm constant_tsc arch_perfmon pebs bts rep_good nopl xtopology nonstop_tsc aperfmperf eagerfpu pni pclmulqdq dtes64 monitor ds_cpl vmx est tm2 ssse3 cx16 xtpr pdcm pcid sse4_1 sse4_2 x2apic popcnt tsc_deadline_timer aes xsave avx f16c rdrand lahf_lm ida arat epb xsaveopt pln pts dtherm tpr_shadow vnmi flexpriority ept vpid fsgsbase smep erms
bogomips	: 4788.97
clflush size	: 64
cache_alignment	: 64
address sizes	: 36 bits physical, 48 bits virtual
power management:

processor	: 3
vendor_id	: GenuineIntel
cpu family	: 6
model		: 58
model name	: Intel(R) Core(TM) i7-3517U CPU @ 1.90GHz
stepping	: 9
microcode	: 0x15
cpu MHz		: 1900.000
cache size	: 4096 KB
physical id	: 0
siblings	: 4
core id		: 1
cpu cores	: 2
apicid		: 3
initial apicid	: 3
fpu		: yes
fpu_exception	: yes
cpuid level	: 13
wp		: yes
flags		: fpu vme de pse tsc msr pae mce cx8 apic sep mtrr pge mca cmov pat pse36 clflush dts acpi mmx fxsr sse sse2 ss ht tm pbe syscall nx rdtscp lm constant_tsc arch_perfmon pebs bts rep_good nopl xtopology nonstop_tsc aperfmperf eagerfpu pni pclmulqdq dtes64 monitor ds_cpl vmx est tm2 ssse3 cx16 xtpr pdcm pcid sse4_1 sse4_2 x2apic popcnt tsc_deadline_timer aes xsave avx f16c rdrand lahf_lm ida arat epb xsaveopt pln pts dtherm tpr_shadow vnmi flexpriority ept vpid fsgsbase smep erms
bogomips	: 4788.97
clflush size	: 64
cache_alignment	: 64
address sizes	: 36 bits physical, 48 bits virtual
power management:



Memory: 4k page, physical 3931368k(131104k free), swap 9870332k(9870060k free)

vm_info: Java HotSpot(TM) 64-Bit Server VM (24.65-b04) for linux-amd64 JRE (1.7.0_65-b17), built on Jun 16 2014 20:55:34 by "java_re" with gcc 4.3.0 20080428 (Red Hat 4.3.0-8)

time: Tue Jul 22 21:11:36 2014
elapsed time: 46 seconds

